2023-04-02T08:21:57,047 - W-9000-VehicleDetection_1.0.ms:1309|#Level:Host|#hostname:DESKTOP-F1I07BF,timestamp:1680398517
2023-04-02T08:21:57,048 - WorkerThreadTime.ms:91|#Level:Host|#hostname:DESKTOP-F1I07BF,timestamp:1680398517
2023-04-02T08:21:57,642 - CPUUtilization.Percent:0.0|#Level:Host|#hostname:DESKTOP-F1I07BF,timestamp:1680398517
2023-04-02T08:21:57,662 - DiskAvailable.Gigabytes:214.16204071044922|#Level:Host|#hostname:DESKTOP-F1I07BF,timestamp:1680398517
2023-04-02T08:21:57,663 - DiskUsage.Gigabytes:24.00482177734375|#Level:Host|#hostname:DESKTOP-F1I07BF,timestamp:1680398517
2023-04-02T08:21:57,663 - DiskUtilization.Percent:10.1|#Level:Host|#hostname:DESKTOP-F1I07BF,timestamp:1680398517
2023-04-02T08:21:57,665 - GPUMemoryUtilization.Percent:0.0|#Level:Host,device_id:0|#hostname:DESKTOP-F1I07BF,timestamp:1680398517
2023-04-02T08:21:57,666 - GPUMemoryUsed.Megabytes:0|#Level:Host,device_id:0|#hostname:DESKTOP-F1I07BF,timestamp:1680398517
2023-04-02T08:21:57,667 - GPUUtilization.Percent:0|#Level:Host,device_id:0|#hostname:DESKTOP-F1I07BF,timestamp:1680398517
2023-04-02T08:21:57,668 - MemoryAvailable.Megabytes:11106.90234375|#Level:Host|#hostname:DESKTOP-F1I07BF,timestamp:1680398517
2023-04-02T08:21:57,674 - MemoryUsed.Megabytes:1233.66015625|#Level:Host|#hostname:DESKTOP-F1I07BF,timestamp:1680398517
2023-04-02T08:21:57,675 - MemoryUtilization.Percent:12.3|#Level:Host|#hostname:DESKTOP-F1I07BF,timestamp:1680398517
2023-04-02T08:22:58,012 - CPUUtilization.Percent:0.0|#Level:Host|#hostname:DESKTOP-F1I07BF,timestamp:1680398578
2023-04-02T08:22:58,013 - DiskAvailable.Gigabytes:214.16199111938477|#Level:Host|#hostname:DESKTOP-F1I07BF,timestamp:1680398578
2023-04-02T08:22:58,014 - DiskUsage.Gigabytes:24.004871368408203|#Level:Host|#hostname:DESKTOP-F1I07BF,timestamp:1680398578
2023-04-02T08:22:58,014 - DiskUtilization.Percent:10.1|#Level:Host|#hostname:DESKTOP-F1I07BF,timestamp:1680398578
2023-04-02T08:22:58,015 - GPUMemoryUtilization.Percent:0.0|#Level:Host,device_id:0|#hostname:DESKTOP-F1I07BF,timestamp:1680398578
2023-04-02T08:22:58,016 - GPUMemoryUsed.Megabytes:0|#Level:Host,device_id:0|#hostname:DESKTOP-F1I07BF,timestamp:1680398578
2023-04-02T08:22:58,016 - GPUUtilization.Percent:0|#Level:Host,device_id:0|#hostname:DESKTOP-F1I07BF,timestamp:1680398578
2023-04-02T08:22:58,017 - MemoryAvailable.Megabytes:11120.63671875|#Level:Host|#hostname:DESKTOP-F1I07BF,timestamp:1680398578
2023-04-02T08:22:58,018 - MemoryUsed.Megabytes:1219.94921875|#Level:Host|#hostname:DESKTOP-F1I07BF,timestamp:1680398578
2023-04-02T08:22:58,019 - MemoryUtilization.Percent:12.1|#Level:Host|#hostname:DESKTOP-F1I07BF,timestamp:1680398578
2023-04-02T08:23:28,095 - Requests5XX.Count:1|#Level:Host|#hostname:DESKTOP-F1I07BF,timestamp:1680398607
2023-04-02T08:23:28,097 - WorkerThreadTime.ms:9|#Level:Host|#hostname:DESKTOP-F1I07BF,timestamp:1680398608
2023-04-02T08:23:58,022 - CPUUtilization.Percent:0.0|#Level:Host|#hostname:DESKTOP-F1I07BF,timestamp:1680398638
2023-04-02T08:23:58,023 - DiskAvailable.Gigabytes:214.16199111938477|#Level:Host|#hostname:DESKTOP-F1I07BF,timestamp:1680398638
2023-04-02T08:23:58,023 - DiskUsage.Gigabytes:24.004871368408203|#Level:Host|#hostname:DESKTOP-F1I07BF,timestamp:1680398638
2023-04-02T08:23:58,024 - DiskUtilization.Percent:10.1|#Level:Host|#hostname:DESKTOP-F1I07BF,timestamp:1680398638
2023-04-02T08:23:58,025 - GPUMemoryUtilization.Percent:0.0|#Level:Host,device_id:0|#hostname:DESKTOP-F1I07BF,timestamp:1680398638
2023-04-02T08:23:58,026 - GPUMemoryUsed.Megabytes:0|#Level:Host,device_id:0|#hostname:DESKTOP-F1I07BF,timestamp:1680398638
2023-04-02T08:23:58,027 - GPUUtilization.Percent:0|#Level:Host,device_id:0|#hostname:DESKTOP-F1I07BF,timestamp:1680398638
2023-04-02T08:23:58,028 - MemoryAvailable.Megabytes:11105.5078125|#Level:Host|#hostname:DESKTOP-F1I07BF,timestamp:1680398638
2023-04-02T08:23:58,029 - MemoryUsed.Megabytes:1235.265625|#Level:Host|#hostname:DESKTOP-F1I07BF,timestamp:1680398638
2023-04-02T08:23:58,029 - MemoryUtilization.Percent:12.3|#Level:Host|#hostname:DESKTOP-F1I07BF,timestamp:1680398638
2023-04-02T08:25:13,524 - W-9000-VehicleDetection_1.0.ms:1891|#Level:Host|#hostname:DESKTOP-F1I07BF,timestamp:1680398713
2023-04-02T08:25:13,525 - WorkerThreadTime.ms:46|#Level:Host|#hostname:DESKTOP-F1I07BF,timestamp:1680398713
2023-04-02T08:25:13,837 - CPUUtilization.Percent:33.3|#Level:Host|#hostname:DESKTOP-F1I07BF,timestamp:1680398713
2023-04-02T08:25:13,838 - DiskAvailable.Gigabytes:214.23638916015625|#Level:Host|#hostname:DESKTOP-F1I07BF,timestamp:1680398713
2023-04-02T08:25:13,838 - DiskUsage.Gigabytes:23.93047332763672|#Level:Host|#hostname:DESKTOP-F1I07BF,timestamp:1680398713
2023-04-02T08:25:13,839 - DiskUtilization.Percent:10.0|#Level:Host|#hostname:DESKTOP-F1I07BF,timestamp:1680398713
2023-04-02T08:25:13,840 - GPUMemoryUtilization.Percent:0.0|#Level:Host,device_id:0|#hostname:DESKTOP-F1I07BF,timestamp:1680398713
2023-04-02T08:25:13,840 - GPUMemoryUsed.Megabytes:0|#Level:Host,device_id:0|#hostname:DESKTOP-F1I07BF,timestamp:1680398713
2023-04-02T08:25:13,841 - GPUUtilization.Percent:0|#Level:Host,device_id:0|#hostname:DESKTOP-F1I07BF,timestamp:1680398713
2023-04-02T08:25:13,842 - MemoryAvailable.Megabytes:11169.05078125|#Level:Host|#hostname:DESKTOP-F1I07BF,timestamp:1680398713
2023-04-02T08:25:13,842 - MemoryUsed.Megabytes:1211.9140625|#Level:Host|#hostname:DESKTOP-F1I07BF,timestamp:1680398713
2023-04-02T08:25:13,843 - MemoryUtilization.Percent:11.8|#Level:Host|#hostname:DESKTOP-F1I07BF,timestamp:1680398713
2023-04-02T08:25:41,150 - Requests5XX.Count:1|#Level:Host|#hostname:DESKTOP-F1I07BF,timestamp:1680398740
2023-04-02T08:25:41,153 - WorkerThreadTime.ms:10|#Level:Host|#hostname:DESKTOP-F1I07BF,timestamp:1680398741
2023-04-02T08:26:13,774 - CPUUtilization.Percent:0.0|#Level:Host|#hostname:DESKTOP-F1I07BF,timestamp:1680398773
2023-04-02T08:26:13,774 - DiskAvailable.Gigabytes:214.2363395690918|#Level:Host|#hostname:DESKTOP-F1I07BF,timestamp:1680398773
2023-04-02T08:26:13,775 - DiskUsage.Gigabytes:23.930522918701172|#Level:Host|#hostname:DESKTOP-F1I07BF,timestamp:1680398773
2023-04-02T08:26:13,776 - DiskUtilization.Percent:10.0|#Level:Host|#hostname:DESKTOP-F1I07BF,timestamp:1680398773
2023-04-02T08:26:13,776 - GPUMemoryUtilization.Percent:0.0|#Level:Host,device_id:0|#hostname:DESKTOP-F1I07BF,timestamp:1680398773
2023-04-02T08:26:13,777 - GPUMemoryUsed.Megabytes:0|#Level:Host,device_id:0|#hostname:DESKTOP-F1I07BF,timestamp:1680398773
2023-04-02T08:26:13,778 - GPUUtilization.Percent:0|#Level:Host,device_id:0|#hostname:DESKTOP-F1I07BF,timestamp:1680398773
2023-04-02T08:26:13,778 - MemoryAvailable.Megabytes:11138.8359375|#Level:Host|#hostname:DESKTOP-F1I07BF,timestamp:1680398773
2023-04-02T08:26:13,779 - MemoryUsed.Megabytes:1242.8671875|#Level:Host|#hostname:DESKTOP-F1I07BF,timestamp:1680398773
2023-04-02T08:26:13,779 - MemoryUtilization.Percent:12.0|#Level:Host|#hostname:DESKTOP-F1I07BF,timestamp:1680398773
2023-04-02T08:26:33,261 - W-9000-VehicleDetection_1.0.ms:977|#Level:Host|#hostname:DESKTOP-F1I07BF,timestamp:1680398793
2023-04-02T08:26:33,262 - WorkerThreadTime.ms:41|#Level:Host|#hostname:DESKTOP-F1I07BF,timestamp:1680398793
2023-04-02T08:26:34,015 - CPUUtilization.Percent:66.7|#Level:Host|#hostname:DESKTOP-F1I07BF,timestamp:1680398794
2023-04-02T08:26:34,017 - DiskAvailable.Gigabytes:214.23638153076172|#Level:Host|#hostname:DESKTOP-F1I07BF,timestamp:1680398794
2023-04-02T08:26:34,018 - DiskUsage.Gigabytes:23.93048095703125|#Level:Host|#hostname:DESKTOP-F1I07BF,timestamp:1680398794
2023-04-02T08:26:34,018 - DiskUtilization.Percent:10.0|#Level:Host|#hostname:DESKTOP-F1I07BF,timestamp:1680398794
2023-04-02T08:26:34,019 - GPUMemoryUtilization.Percent:0.0|#Level:Host,device_id:0|#hostname:DESKTOP-F1I07BF,timestamp:1680398794
2023-04-02T08:26:34,020 - GPUMemoryUsed.Megabytes:0|#Level:Host,device_id:0|#hostname:DESKTOP-F1I07BF,timestamp:1680398794
2023-04-02T08:26:34,021 - GPUUtilization.Percent:0|#Level:Host,device_id:0|#hostname:DESKTOP-F1I07BF,timestamp:1680398794
2023-04-02T08:26:34,022 - MemoryAvailable.Megabytes:11146.125|#Level:Host|#hostname:DESKTOP-F1I07BF,timestamp:1680398794
2023-04-02T08:26:34,022 - MemoryUsed.Megabytes:1235.35546875|#Level:Host|#hostname:DESKTOP-F1I07BF,timestamp:1680398794
2023-04-02T08:26:34,023 - MemoryUtilization.Percent:11.9|#Level:Host|#hostname:DESKTOP-F1I07BF,timestamp:1680398794
2023-04-02T08:27:27,716 - Requests5XX.Count:1|#Level:Host|#hostname:DESKTOP-F1I07BF,timestamp:1680398847
2023-04-02T08:27:27,718 - WorkerThreadTime.ms:10|#Level:Host|#hostname:DESKTOP-F1I07BF,timestamp:1680398847
2023-04-02T08:27:34,492 - CPUUtilization.Percent:0.0|#Level:Host|#hostname:DESKTOP-F1I07BF,timestamp:1680398854
2023-04-02T08:27:34,493 - DiskAvailable.Gigabytes:214.2363395690918|#Level:Host|#hostname:DESKTOP-F1I07BF,timestamp:1680398854
2023-04-02T08:27:34,494 - DiskUsage.Gigabytes:23.930522918701172|#Level:Host|#hostname:DESKTOP-F1I07BF,timestamp:1680398854
2023-04-02T08:27:34,494 - DiskUtilization.Percent:10.0|#Level:Host|#hostname:DESKTOP-F1I07BF,timestamp:1680398854
2023-04-02T08:27:34,495 - GPUMemoryUtilization.Percent:0.0|#Level:Host,device_id:0|#hostname:DESKTOP-F1I07BF,timestamp:1680398854
2023-04-02T08:27:34,496 - GPUMemoryUsed.Megabytes:0|#Level:Host,device_id:0|#hostname:DESKTOP-F1I07BF,timestamp:1680398854
2023-04-02T08:27:34,496 - GPUUtilization.Percent:0|#Level:Host,device_id:0|#hostname:DESKTOP-F1I07BF,timestamp:1680398854
2023-04-02T08:27:34,497 - MemoryAvailable.Megabytes:11115.484375|#Level:Host|#hostname:DESKTOP-F1I07BF,timestamp:1680398854
2023-04-02T08:27:34,498 - MemoryUsed.Megabytes:1265.6796875|#Level:Host|#hostname:DESKTOP-F1I07BF,timestamp:1680398854
2023-04-02T08:27:34,499 - MemoryUtilization.Percent:12.2|#Level:Host|#hostname:DESKTOP-F1I07BF,timestamp:1680398854
